[ 2025-01-16 22:18:55,547 ] 1038 httpx - INFO - HTTP Request: GET https://dagshub.com/api/v1/user "HTTP/1.1 200 OK"
[ 2025-01-16 22:18:55,553 ] 107 dagshub - INFO - Accessing as ashokmevada18
[ 2025-01-16 22:18:55,861 ] 1038 httpx - INFO - HTTP Request: GET https://dagshub.com/api/v1/repos/ashokmevada18/network "HTTP/1.1 200 OK"
[ 2025-01-16 22:18:56,135 ] 1038 httpx - INFO - HTTP Request: GET https://dagshub.com/api/v1/user "HTTP/1.1 200 OK"
[ 2025-01-16 22:18:56,135 ] 107 dagshub - INFO - Initialized MLflow to track repo "ashokmevada18/network"
[ 2025-01-16 22:18:56,144 ] 107 dagshub - INFO - Repository ashokmevada18/network initialized!
[ 2025-01-16 22:20:11,741 ] 42 root - INFO - Start data Ingestion
[ 2025-01-16 22:20:17,421 ] 73 root - INFO - Performed Train Test Split on the dataframe
[ 2025-01-16 22:20:17,421 ] 79 root - INFO - Exporting train and test file path.
[ 2025-01-16 22:20:17,519 ] 89 root - INFO - Exported train and test file path.
[ 2025-01-16 22:20:17,519 ] 45 root - INFO - Data Ingestion completed and artifact: DataIngestionArtifact(trained_file_path='Artifacts\\01_16_2025_22_18_43\\data_ingestion\\ingested\\train.csv', test_file_path='Artifacts\\01_16_2025_22_18_43\\data_ingestion\\ingested\\test.csv')
[ 2025-01-16 22:20:17,532 ] 55 root - INFO - Initiate the data Validation
[ 2025-01-16 22:20:17,595 ] 40 root - INFO - Required number of columns:2
[ 2025-01-16 22:20:17,595 ] 41 root - INFO - Data frame has columns:31
[ 2025-01-16 22:20:17,595 ] 40 root - INFO - Required number of columns:2
[ 2025-01-16 22:20:17,595 ] 41 root - INFO - Data frame has columns:31
[ 2025-01-16 22:20:17,692 ] 69 root - INFO - Entered initiate_data_transformation method of DataTransformation class
[ 2025-01-16 22:20:17,692 ] 73 root - INFO - Started Data Transformation and Reading train and test file 
[ 2025-01-16 22:20:17,724 ] 54 root - INFO - Entered get_data_trnasformer_object method of Trnasformation class
[ 2025-01-16 22:20:17,724 ] 59 root - INFO - Initialise KNNImputer with {'missing_values': nan, 'n_neighbors': 3, 'weights': 'uniform'}
[ 2025-01-16 22:20:17,740 ] 46 root - INFO - Entered the save_object method of MainUtils class
[ 2025-01-16 22:20:17,740 ] 50 root - INFO - Exited the save_object method of MainUtils class
[ 2025-01-16 22:20:17,740 ] 46 root - INFO - Entered the save_object method of MainUtils class
[ 2025-01-16 22:20:17,753 ] 50 root - INFO - Exited the save_object method of MainUtils class
[ 2025-01-16 22:23:56,054 ] 46 root - INFO - Entered the save_object method of MainUtils class
[ 2025-01-16 22:23:56,054 ] 50 root - INFO - Exited the save_object method of MainUtils class
[ 2025-01-16 22:23:56,070 ] 46 root - INFO - Entered the save_object method of MainUtils class
[ 2025-01-16 22:23:56,108 ] 50 root - INFO - Exited the save_object method of MainUtils class
[ 2025-01-16 22:23:56,108 ] 152 root - INFO - Model trainer artifact: ModelTrainerArtifact(trained_model_file_path='Artifacts\\01_16_2025_22_18_43\\model_trainer\\trained_model\\model.pkl', train_metric_artifact=ClassificationMetricArtifact(f1_score=np.float64(0.9921875), precision_score=np.float64(0.9896859958743983), recall_score=np.float64(0.994701681640175)), test_metric_artifact=ClassificationMetricArtifact(f1_score=np.float64(0.9703884813909264), precision_score=np.float64(0.9576407506702412), recall_score=np.float64(0.9834801762114538)))
