[ 2025-01-09 21:47:30,034 ] 1038 httpx - INFO - HTTP Request: GET https://dagshub.com/api/v1/user "HTTP/1.1 200 OK"
[ 2025-01-09 21:47:30,039 ] 107 dagshub - INFO - Accessing as ashokmevada18
[ 2025-01-09 21:47:30,353 ] 1038 httpx - INFO - HTTP Request: GET https://dagshub.com/api/v1/repos/ashokmevada18/network "HTTP/1.1 200 OK"
[ 2025-01-09 21:47:30,609 ] 1038 httpx - INFO - HTTP Request: GET https://dagshub.com/api/v1/user "HTTP/1.1 200 OK"
[ 2025-01-09 21:47:30,609 ] 107 dagshub - INFO - Initialized MLflow to track repo "ashokmevada18/network"
[ 2025-01-09 21:47:30,609 ] 107 dagshub - INFO - Repository ashokmevada18/network initialized!
[ 2025-01-09 21:48:49,152 ] 42 root - INFO - Start data Ingestion
[ 2025-01-09 21:48:55,073 ] 73 root - INFO - Performed Train Test Split on the dataframe
[ 2025-01-09 21:48:55,073 ] 79 root - INFO - Exporting train and test file path.
[ 2025-01-09 21:48:55,156 ] 89 root - INFO - Exported train and test file path.
[ 2025-01-09 21:48:55,156 ] 45 root - INFO - Data Ingestion completed and artifact: DataIngestionArtifact(trained_file_path='Artifacts\\01_09_2025_21_47_25\\data_ingestion\\ingested\\train.csv', test_file_path='Artifacts\\01_09_2025_21_47_25\\data_ingestion\\ingested\\test.csv')
[ 2025-01-09 21:48:55,163 ] 55 root - INFO - Initiate the data Validation
[ 2025-01-09 21:48:55,211 ] 40 root - INFO - Required number of columns:2
[ 2025-01-09 21:48:55,211 ] 41 root - INFO - Data frame has columns:31
[ 2025-01-09 21:48:55,211 ] 40 root - INFO - Required number of columns:2
[ 2025-01-09 21:48:55,211 ] 41 root - INFO - Data frame has columns:31
[ 2025-01-09 21:48:55,294 ] 69 root - INFO - Entered initiate_data_transformation method of DataTransformation class
[ 2025-01-09 21:48:55,306 ] 73 root - INFO - Started Data Transformation and Reading train and test file 
[ 2025-01-09 21:48:55,322 ] 54 root - INFO - Entered get_data_trnasformer_object method of Trnasformation class
[ 2025-01-09 21:48:55,322 ] 59 root - INFO - Initialise KNNImputer with {'missing_values': nan, 'n_neighbors': 3, 'weights': 'uniform'}
[ 2025-01-09 21:48:55,338 ] 46 root - INFO - Entered the save_object method of MainUtils class
[ 2025-01-09 21:48:55,353 ] 50 root - INFO - Exited the save_object method of MainUtils class
[ 2025-01-09 21:48:55,355 ] 46 root - INFO - Entered the save_object method of MainUtils class
[ 2025-01-09 21:48:55,356 ] 50 root - INFO - Exited the save_object method of MainUtils class
[ 2025-01-09 21:52:23,963 ] 46 root - INFO - Entered the save_object method of MainUtils class
[ 2025-01-09 21:52:23,964 ] 50 root - INFO - Exited the save_object method of MainUtils class
[ 2025-01-09 21:52:23,964 ] 46 root - INFO - Entered the save_object method of MainUtils class
[ 2025-01-09 21:52:24,000 ] 50 root - INFO - Exited the save_object method of MainUtils class
[ 2025-01-09 21:52:24,000 ] 152 root - INFO - Model trainer artifact: ModelTrainerArtifact(trained_model_file_path='Artifacts\\01_09_2025_21_47_25\\model_trainer\\trained_model\\model.pkl', train_metric_artifact=ClassificationMetricArtifact(f1_score=np.float64(0.991431218156554), precision_score=np.float64(0.9879990768520656), recall_score=np.float64(0.9948872879386474)), test_metric_artifact=ClassificationMetricArtifact(f1_score=np.float64(0.975622823466381), precision_score=np.float64(0.9691325172964342), recall_score=np.float64(0.982200647249191)))
