[ 2025-01-09 21:20:43,864 ] 1038 httpx - INFO - HTTP Request: GET https://dagshub.com/api/v1/user "HTTP/1.1 200 OK"
[ 2025-01-09 21:20:43,871 ] 107 dagshub - INFO - Accessing as ashokmevada18
[ 2025-01-09 21:20:44,175 ] 1038 httpx - INFO - HTTP Request: GET https://dagshub.com/api/v1/repos/ashokmevada18/network "HTTP/1.1 200 OK"
[ 2025-01-09 21:20:44,444 ] 1038 httpx - INFO - HTTP Request: GET https://dagshub.com/api/v1/user "HTTP/1.1 200 OK"
[ 2025-01-09 21:20:44,444 ] 107 dagshub - INFO - Initialized MLflow to track repo "ashokmevada18/network"
[ 2025-01-09 21:20:44,444 ] 107 dagshub - INFO - Repository ashokmevada18/network initialized!
[ 2025-01-09 21:20:44,444 ] 21 root - INFO - Initiated Data Ingestion
[ 2025-01-09 21:20:50,393 ] 73 root - INFO - Performed Train Test Split on the dataframe
[ 2025-01-09 21:20:50,393 ] 79 root - INFO - Exporting train and test file path.
[ 2025-01-09 21:20:50,456 ] 89 root - INFO - Exported train and test file path.
[ 2025-01-09 21:20:50,456 ] 23 root - INFO - Completed Data Ingestion
[ 2025-01-09 21:20:50,473 ] 27 root - INFO - Initiated Data Validation
[ 2025-01-09 21:20:50,531 ] 40 root - INFO - Required number of columns:2
[ 2025-01-09 21:20:50,531 ] 41 root - INFO - Data frame has columns:31
[ 2025-01-09 21:20:50,531 ] 40 root - INFO - Required number of columns:2
[ 2025-01-09 21:20:50,531 ] 41 root - INFO - Data frame has columns:31
[ 2025-01-09 21:20:50,599 ] 29 root - INFO - Completed Data Validation
[ 2025-01-09 21:20:50,599 ] 32 root - INFO - Initiated Data Transformation
[ 2025-01-09 21:20:50,599 ] 69 root - INFO - Entered initiate_data_transformation method of DataTransformation class
[ 2025-01-09 21:20:50,599 ] 73 root - INFO - Started Data Transformation and Reading train and test file 
[ 2025-01-09 21:20:50,634 ] 54 root - INFO - Entered get_data_trnasformer_object method of Trnasformation class
[ 2025-01-09 21:20:50,635 ] 59 root - INFO - Initialise KNNImputer with {'missing_values': nan, 'n_neighbors': 3, 'weights': 'uniform'}
[ 2025-01-09 21:20:50,644 ] 46 root - INFO - Entered the save_object method of MainUtils class
[ 2025-01-09 21:20:50,655 ] 50 root - INFO - Exited the save_object method of MainUtils class
[ 2025-01-09 21:20:50,655 ] 46 root - INFO - Entered the save_object method of MainUtils class
[ 2025-01-09 21:20:50,657 ] 50 root - INFO - Exited the save_object method of MainUtils class
[ 2025-01-09 21:20:50,661 ] 36 root - INFO - Completed Data Transformation
[ 2025-01-09 21:20:50,661 ] 38 root - INFO - Model Training started...
[ 2025-01-09 21:24:28,751 ] 46 root - INFO - Entered the save_object method of MainUtils class
[ 2025-01-09 21:24:28,751 ] 50 root - INFO - Exited the save_object method of MainUtils class
[ 2025-01-09 21:24:28,752 ] 46 root - INFO - Entered the save_object method of MainUtils class
[ 2025-01-09 21:24:28,786 ] 50 root - INFO - Exited the save_object method of MainUtils class
[ 2025-01-09 21:24:28,786 ] 152 root - INFO - Model trainer artifact: ModelTrainerArtifact(trained_model_file_path='Artifacts\\01_09_2025_21_20_38\\model_trainer\\trained_model\\model.pkl', train_metric_artifact=ClassificationMetricArtifact(f1_score=np.float64(0.9923593424403797), precision_score=np.float64(0.9893813481071099), recall_score=np.float64(0.995355318160706)), test_metric_artifact=ClassificationMetricArtifact(f1_score=np.float64(0.971627408993576), precision_score=np.float64(0.9628647214854111), recall_score=np.float64(0.9805510534846029)))
[ 2025-01-09 21:24:28,790 ] 43 root - INFO - Model Training artifact created
