[ 2025-01-16 22:27:00,344 ] 1038 httpx - INFO - HTTP Request: GET https://dagshub.com/api/v1/user "HTTP/1.1 200 OK"
[ 2025-01-16 22:27:00,351 ] 107 dagshub - INFO - Accessing as ashokmevada18
[ 2025-01-16 22:27:00,683 ] 1038 httpx - INFO - HTTP Request: GET https://dagshub.com/api/v1/repos/ashokmevada18/network "HTTP/1.1 200 OK"
[ 2025-01-16 22:27:01,035 ] 1038 httpx - INFO - HTTP Request: GET https://dagshub.com/api/v1/user "HTTP/1.1 200 OK"
[ 2025-01-16 22:27:01,035 ] 107 dagshub - INFO - Initialized MLflow to track repo "ashokmevada18/network"
[ 2025-01-16 22:27:01,035 ] 107 dagshub - INFO - Repository ashokmevada18/network initialized!
[ 2025-01-16 22:27:01,992 ] 42 root - INFO - Start data Ingestion
[ 2025-01-16 22:27:07,411 ] 73 root - INFO - Performed Train Test Split on the dataframe
[ 2025-01-16 22:27:07,411 ] 79 root - INFO - Exporting train and test file path.
[ 2025-01-16 22:27:07,491 ] 89 root - INFO - Exported train and test file path.
[ 2025-01-16 22:27:07,491 ] 45 root - INFO - Data Ingestion completed and artifact: DataIngestionArtifact(trained_file_path='Artifacts\\01_16_2025_22_26_48\\data_ingestion\\ingested\\train.csv', test_file_path='Artifacts\\01_16_2025_22_26_48\\data_ingestion\\ingested\\test.csv')
[ 2025-01-16 22:27:07,504 ] 55 root - INFO - Initiate the data Validation
[ 2025-01-16 22:27:07,552 ] 40 root - INFO - Required number of columns:2
[ 2025-01-16 22:27:07,552 ] 41 root - INFO - Data frame has columns:31
[ 2025-01-16 22:27:07,552 ] 40 root - INFO - Required number of columns:2
[ 2025-01-16 22:27:07,552 ] 41 root - INFO - Data frame has columns:31
[ 2025-01-16 22:27:07,686 ] 69 root - INFO - Entered initiate_data_transformation method of DataTransformation class
[ 2025-01-16 22:27:07,686 ] 73 root - INFO - Started Data Transformation and Reading train and test file 
[ 2025-01-16 22:27:07,708 ] 54 root - INFO - Entered get_data_trnasformer_object method of Trnasformation class
[ 2025-01-16 22:27:07,708 ] 59 root - INFO - Initialise KNNImputer with {'missing_values': nan, 'n_neighbors': 3, 'weights': 'uniform'}
[ 2025-01-16 22:27:07,722 ] 46 root - INFO - Entered the save_object method of MainUtils class
[ 2025-01-16 22:27:07,726 ] 50 root - INFO - Exited the save_object method of MainUtils class
[ 2025-01-16 22:27:07,726 ] 46 root - INFO - Entered the save_object method of MainUtils class
[ 2025-01-16 22:27:07,729 ] 50 root - INFO - Exited the save_object method of MainUtils class
[ 2025-01-16 22:30:39,702 ] 46 root - INFO - Entered the save_object method of MainUtils class
[ 2025-01-16 22:30:39,703 ] 50 root - INFO - Exited the save_object method of MainUtils class
[ 2025-01-16 22:30:39,703 ] 46 root - INFO - Entered the save_object method of MainUtils class
[ 2025-01-16 22:30:39,706 ] 50 root - INFO - Exited the save_object method of MainUtils class
[ 2025-01-16 22:30:39,706 ] 152 root - INFO - Model trainer artifact: ModelTrainerArtifact(trained_model_file_path='Artifacts\\01_16_2025_22_26_48\\model_trainer\\trained_model\\model.pkl', train_metric_artifact=ClassificationMetricArtifact(f1_score=np.float64(0.9908299477655252), precision_score=np.float64(0.9897959183673469), recall_score=np.float64(0.9918661399023937)), test_metric_artifact=ClassificationMetricArtifact(f1_score=np.float64(0.9761968440759561), precision_score=np.float64(0.9681697612732095), recall_score=np.float64(0.9843581445523193)))
